<?xml version="1.0" encoding="UTF-8"?>
<!-- Generated by org.testng.reporters.JUnitReportReporter -->
<testsuite hostname="AFSTBWS114" failures="0" tests="1" name="ilabassessment.TestClass" time="61.141" errors="0" timestamp="2023-02-07T13:43:30 SAST" skipped="0">
  <testcase classname="ilabassessment.TestClass" name="fillForm" time="61.141"/>
  <system-out/>
</testsuite> <!-- ilabassessment.TestClass -->
